        -:    0:Source:cardtest2.c
        -:    0:Graph:cardtest2.gcno
        -:    0:Data:cardtest2.gcda
        -:    0:Runs:1
        -:    0:Programs:1
        -:    1:/*
        -:    2: * cardtest2.c
        -:    3: * 
        -:    4:	
        -:    5: */
        -:    6:
        -:    7:/*
        -:    8: * Include the following lines in your makefile:
        -:    9: *
        -:   10: * cardtest2: cardtest2.c dominion.o rngs.o
        -:   11: *      gcc -o cardtest2 -g  cardtest2.c dominion.o rngs.o $(CFLAGS)
        -:   12: */
        -:   13:
        -:   14:
        -:   15:#include "dominion.h"
        -:   16:#include "dominion_helpers.h"
        -:   17:#include <string.h>
        -:   18:#include <stdio.h>
        -:   19:#include <assert.h>
        -:   20:#include "rngs.h"
        -:   21:#include <stdlib.h>
        -:   22:
        -:   23:#define TESTCARD "adventurer"
        -:   24:
        1:   25:int main() {
        1:   26:    int newCards = 2;
        1:   27:    int discarded = 0;
        1:   28:    int drawnTreasure = 0;
        1:   29:    int shuffledCards = 0;
        1:   30:    int seed = 1000;
        1:   31:    int numPlayers = 2;
        1:   32:    int thisPlayer = 0;
        -:   33:	struct gameState G, testG;
        1:   34:	int k[10] = {adventurer, feast, village, minion, mine, cutpurse,
        -:   35:			sea_hag, tribute, smithy, council_room};
        -:   36:
        -:   37:	// initialize a game state and player cards
        1:   38:	initializeGame(numPlayers, k, seed, &G);
        -:   39:
        1:   40:	printf("----------------- Testing Card: %s ----------------\n", TESTCARD);
        -:   41:
        -:   42:	// ----------- TEST 1: draw +2 treasure cards --------------
        1:   43:	printf("TEST 1: +2 treasure cards\n");
        -:   44:
        -:   45:	// copy the game state to a test case
        1:   46:	memcpy(&testG, &G, sizeof(struct gameState));
        -:   47:
        1:   48:	adventurerFunction(drawnTreasure, &testG, thisPlayer);
        -:   49:
        1:   50:	printf("hand count = %d, expected = %d\n", testG.handCount[thisPlayer], G.handCount[thisPlayer] + newCards - discarded);
        1:   51:	printf("deck count = %d, expected = %d\n", testG.deckCount[thisPlayer], G.deckCount[thisPlayer] - newCards + shuffledCards);
        1:   52:	printf("discard count = %d, expected = %d\n", testG.discardCount[thisPlayer], G.discardCount[thisPlayer]);
        1:   53:	assert(testG.handCount[thisPlayer] == G.handCount[thisPlayer] + newCards - discarded);
        1:   54:	assert(testG.deckCount[thisPlayer] == G.deckCount[thisPlayer] - newCards + shuffledCards);
        1:   55:	assert(testG.discardCount[thisPlayer] == G.discardCount[thisPlayer]);
        -:   56:
        1:   57:	printf("\n >>>>> SUCCESS: Testing complete %s <<<<<\n\n", TESTCARD);
        -:   58:
        -:   59:
        1:   60:	return 0;
        -:   61:}
        -:   62:
        -:   63:
